[9280 - Suricata-Main] 2025-08-28 22:24:52 Notice: suricata: This is Suricata version 7.0.10 RELEASE running in SYSTEM mode
[9280 - Suricata-Main] 2025-08-28 22:24:52 Info: cpu: CPUs/cores online: 16
[9280 - Suricata-Main] 2025-08-28 22:24:52 Notice: runmodes: thread stack size of 0 to too small: setting to 512k
[9280 - Suricata-Main] 2025-08-28 22:24:52 Info: suricata: Setting engine mode to IDS mode by default
[9280 - Suricata-Main] 2025-08-28 22:24:52 Info: exception-policy: master exception-policy set to: auto
[29424 - Suricata-Main] 2025-08-28 22:33:59 Notice: suricata: This is Suricata version 7.0.10 RELEASE running in SYSTEM mode
[29424 - Suricata-Main] 2025-08-28 22:33:59 Info: cpu: CPUs/cores online: 16
[29424 - Suricata-Main] 2025-08-28 22:33:59 Notice: runmodes: thread stack size of 0 to too small: setting to 512k
[29424 - Suricata-Main] 2025-08-28 22:33:59 Info: suricata: Setting engine mode to IDS mode by default
[29424 - Suricata-Main] 2025-08-28 22:33:59 Info: exception-policy: master exception-policy set to: auto
[2284 - Suricata-Main] 2025-08-28 22:34:01 Notice: suricata: This is Suricata version 7.0.10 RELEASE running in SYSTEM mode
[2284 - Suricata-Main] 2025-08-28 22:34:01 Info: cpu: CPUs/cores online: 16
[2284 - Suricata-Main] 2025-08-28 22:34:01 Notice: runmodes: thread stack size of 0 to too small: setting to 512k
[2284 - Suricata-Main] 2025-08-28 22:34:01 Info: suricata: Setting engine mode to IDS mode by default
[2284 - Suricata-Main] 2025-08-28 22:34:01 Info: exception-policy: master exception-policy set to: auto
[16980 - Suricata-Main] 2025-08-28 22:36:23 Notice: suricata: This is Suricata version 7.0.10 RELEASE running in SYSTEM mode
[16980 - Suricata-Main] 2025-08-28 22:36:23 Info: cpu: CPUs/cores online: 16
[16980 - Suricata-Main] 2025-08-28 22:36:23 Notice: runmodes: thread stack size of 0 to too small: setting to 512k
[16980 - Suricata-Main] 2025-08-28 22:36:23 Info: suricata: Setting engine mode to IDS mode by default
[16980 - Suricata-Main] 2025-08-28 22:36:23 Info: exception-policy: master exception-policy set to: auto
[25840 - Suricata-Main] 2025-08-28 22:36:25 Notice: suricata: This is Suricata version 7.0.10 RELEASE running in SYSTEM mode
[25840 - Suricata-Main] 2025-08-28 22:36:25 Info: cpu: CPUs/cores online: 16
[25840 - Suricata-Main] 2025-08-28 22:36:25 Notice: runmodes: thread stack size of 0 to too small: setting to 512k
[25840 - Suricata-Main] 2025-08-28 22:36:25 Info: suricata: Setting engine mode to IDS mode by default
[25840 - Suricata-Main] 2025-08-28 22:36:25 Info: exception-policy: master exception-policy set to: auto
[25672 - Suricata-Main] 2025-08-28 22:40:07 Notice: suricata: This is Suricata version 7.0.10 RELEASE running in SYSTEM mode
[25672 - Suricata-Main] 2025-08-28 22:40:07 Info: cpu: CPUs/cores online: 16
[25672 - Suricata-Main] 2025-08-28 22:40:07 Notice: runmodes: thread stack size of 0 to too small: setting to 512k
[25672 - Suricata-Main] 2025-08-28 22:40:07 Info: suricata: Setting engine mode to IDS mode by default
[25672 - Suricata-Main] 2025-08-28 22:40:07 Info: exception-policy: master exception-policy set to: auto
[23252 - Suricata-Main] 2025-08-28 22:40:09 Notice: suricata: This is Suricata version 7.0.10 RELEASE running in SYSTEM mode
[23252 - Suricata-Main] 2025-08-28 22:40:09 Info: cpu: CPUs/cores online: 16
[23252 - Suricata-Main] 2025-08-28 22:40:09 Notice: runmodes: thread stack size of 0 to too small: setting to 512k
[23252 - Suricata-Main] 2025-08-28 22:40:09 Info: suricata: Setting engine mode to IDS mode by default
[23252 - Suricata-Main] 2025-08-28 22:40:09 Info: exception-policy: master exception-policy set to: auto
[21380 - Suricata-Main] 2025-08-28 22:42:57 Notice: suricata: This is Suricata version 7.0.10 RELEASE running in SYSTEM mode
[21380 - Suricata-Main] 2025-08-28 22:42:57 Info: cpu: CPUs/cores online: 16
[21380 - Suricata-Main] 2025-08-28 22:42:57 Notice: runmodes: thread stack size of 0 to too small: setting to 512k
[21380 - Suricata-Main] 2025-08-28 22:42:57 Info: suricata: Setting engine mode to IDS mode by default
[21380 - Suricata-Main] 2025-08-28 22:42:57 Info: exception-policy: master exception-policy set to: auto
[27124 - Suricata-Main] 2025-08-28 22:42:59 Notice: suricata: This is Suricata version 7.0.10 RELEASE running in SYSTEM mode
[27124 - Suricata-Main] 2025-08-28 22:42:59 Info: cpu: CPUs/cores online: 16
[27124 - Suricata-Main] 2025-08-28 22:42:59 Notice: runmodes: thread stack size of 0 to too small: setting to 512k
[27124 - Suricata-Main] 2025-08-28 22:42:59 Info: suricata: Setting engine mode to IDS mode by default
[27124 - Suricata-Main] 2025-08-28 22:42:59 Info: exception-policy: master exception-policy set to: auto
[19084 - Suricata-Main] 2025-08-28 23:08:53 Notice: suricata: This is Suricata version 7.0.10 RELEASE running in SYSTEM mode
[19084 - Suricata-Main] 2025-08-28 23:08:53 Info: cpu: CPUs/cores online: 16
[19084 - Suricata-Main] 2025-08-28 23:08:53 Notice: runmodes: thread stack size of 0 to too small: setting to 512k
[19084 - Suricata-Main] 2025-08-28 23:08:53 Info: suricata: Setting engine mode to IDS mode by default
[19084 - Suricata-Main] 2025-08-28 23:08:53 Info: exception-policy: master exception-policy set to: auto
[32200 - Suricata-Main] 2025-08-28 23:08:55 Notice: suricata: This is Suricata version 7.0.10 RELEASE running in SYSTEM mode
[32200 - Suricata-Main] 2025-08-28 23:08:55 Info: cpu: CPUs/cores online: 16
[32200 - Suricata-Main] 2025-08-28 23:08:55 Notice: runmodes: thread stack size of 0 to too small: setting to 512k
[32200 - Suricata-Main] 2025-08-28 23:08:55 Info: suricata: Setting engine mode to IDS mode by default
[32200 - Suricata-Main] 2025-08-28 23:08:55 Info: exception-policy: master exception-policy set to: auto
[30340 - Suricata-Main] 2025-08-28 23:32:39 Notice: suricata: This is Suricata version 7.0.10 RELEASE running in SYSTEM mode
[30340 - Suricata-Main] 2025-08-28 23:32:39 Info: cpu: CPUs/cores online: 16
[30340 - Suricata-Main] 2025-08-28 23:32:39 Notice: runmodes: thread stack size of 0 to too small: setting to 512k
[30340 - Suricata-Main] 2025-08-28 23:32:39 Info: suricata: Setting engine mode to IDS mode by default
[30340 - Suricata-Main] 2025-08-28 23:32:39 Info: exception-policy: master exception-policy set to: auto
[14500 - Suricata-Main] 2025-08-28 23:32:41 Notice: suricata: This is Suricata version 7.0.10 RELEASE running in SYSTEM mode
[14500 - Suricata-Main] 2025-08-28 23:32:41 Info: cpu: CPUs/cores online: 16
[14500 - Suricata-Main] 2025-08-28 23:32:41 Notice: runmodes: thread stack size of 0 to too small: setting to 512k
[14500 - Suricata-Main] 2025-08-28 23:32:41 Info: suricata: Setting engine mode to IDS mode by default
[14500 - Suricata-Main] 2025-08-28 23:32:41 Info: exception-policy: master exception-policy set to: auto
[31940 - Suricata-Main] 2025-08-28 23:37:20 Notice: suricata: This is Suricata version 7.0.10 RELEASE running in SYSTEM mode
[31940 - Suricata-Main] 2025-08-28 23:37:20 Info: cpu: CPUs/cores online: 16
[31940 - Suricata-Main] 2025-08-28 23:37:20 Notice: runmodes: thread stack size of 0 to too small: setting to 512k
[31940 - Suricata-Main] 2025-08-28 23:37:20 Info: suricata: Setting engine mode to IDS mode by default
[31940 - Suricata-Main] 2025-08-28 23:37:20 Info: exception-policy: master exception-policy set to: auto
[32144 - Suricata-Main] 2025-08-28 23:37:36 Notice: suricata: This is Suricata version 7.0.10 RELEASE running in SYSTEM mode
[32144 - Suricata-Main] 2025-08-28 23:37:36 Info: cpu: CPUs/cores online: 16
[32144 - Suricata-Main] 2025-08-28 23:37:36 Notice: runmodes: thread stack size of 0 to too small: setting to 512k
[32144 - Suricata-Main] 2025-08-28 23:37:36 Info: suricata: Setting engine mode to IDS mode by default
[32144 - Suricata-Main] 2025-08-28 23:37:36 Info: exception-policy: master exception-policy set to: auto
[35636 - Suricata-Main] 2025-08-29 15:34:45 Notice: suricata: This is Suricata version 7.0.10 RELEASE running in SYSTEM mode
[35636 - Suricata-Main] 2025-08-29 15:34:45 Info: cpu: CPUs/cores online: 16
[35636 - Suricata-Main] 2025-08-29 15:34:45 Notice: runmodes: thread stack size of 0 to too small: setting to 512k
[35636 - Suricata-Main] 2025-08-29 15:34:45 Info: suricata: Running suricata under test mode
[35636 - Suricata-Main] 2025-08-29 15:34:45 Info: suricata: Setting engine mode to IDS mode by default
[35636 - Suricata-Main] 2025-08-29 15:34:45 Info: exception-policy: master exception-policy set to: auto
[35636 - Suricata-Main] 2025-08-29 15:34:45 Info: coredump-config: Configuring core dump is not yet supported on Windows.
[35636 - Suricata-Main] 2025-08-29 15:34:45 Info: logopenfile: eve-log output device (regular) initialized: eve.json
[35636 - Suricata-Main] 2025-08-29 15:34:45 Info: logopenfile: stats output device (regular) initialized: stats.log
[35636 - Suricata-Main] 2025-08-29 15:34:45 Error: detect: opening rule file ./rules\\nmap.rules: No such file or directory.
[16744 - Suricata-Main] 2025-08-29 15:37:31 Notice: suricata: This is Suricata version 7.0.10 RELEASE running in SYSTEM mode
[16744 - Suricata-Main] 2025-08-29 15:37:31 Info: cpu: CPUs/cores online: 16
[16744 - Suricata-Main] 2025-08-29 15:37:31 Notice: runmodes: thread stack size of 0 to too small: setting to 512k
[16744 - Suricata-Main] 2025-08-29 15:37:31 Info: suricata: Running suricata under test mode
[16744 - Suricata-Main] 2025-08-29 15:37:31 Info: suricata: Setting engine mode to IDS mode by default
[16744 - Suricata-Main] 2025-08-29 15:37:31 Info: exception-policy: master exception-policy set to: auto
[16744 - Suricata-Main] 2025-08-29 15:37:31 Info: coredump-config: Configuring core dump is not yet supported on Windows.
[16744 - Suricata-Main] 2025-08-29 15:37:31 Info: logopenfile: eve-log output device (regular) initialized: eve.json
[16744 - Suricata-Main] 2025-08-29 15:37:31 Info: logopenfile: stats output device (regular) initialized: stats.log
[16744 - Suricata-Main] 2025-08-29 15:37:31 Error: detect: opening rule file ./rules\\nmap.rules: No such file or directory.
[34936 - Suricata-Main] 2025-08-29 15:37:37 Notice: suricata: This is Suricata version 7.0.10 RELEASE running in SYSTEM mode
[34936 - Suricata-Main] 2025-08-29 15:37:37 Info: cpu: CPUs/cores online: 16
[34936 - Suricata-Main] 2025-08-29 15:37:37 Notice: runmodes: thread stack size of 0 to too small: setting to 512k
[34936 - Suricata-Main] 2025-08-29 15:37:37 Info: suricata: Running suricata under test mode
[34936 - Suricata-Main] 2025-08-29 15:37:37 Info: suricata: Setting engine mode to IDS mode by default
[34936 - Suricata-Main] 2025-08-29 15:37:37 Info: exception-policy: master exception-policy set to: auto
[34936 - Suricata-Main] 2025-08-29 15:37:37 Info: coredump-config: Configuring core dump is not yet supported on Windows.
[34936 - Suricata-Main] 2025-08-29 15:37:37 Info: logopenfile: eve-log output device (regular) initialized: eve.json
[34936 - Suricata-Main] 2025-08-29 15:37:37 Info: logopenfile: stats output device (regular) initialized: stats.log
[34936 - Suricata-Main] 2025-08-29 15:37:37 Error: detect: opening rule file ./rules\\nmap.rules: No such file or directory.
[31328 - Suricata-Main] 2025-08-29 15:40:32 Notice: suricata: This is Suricata version 7.0.10 RELEASE running in SYSTEM mode
[31328 - Suricata-Main] 2025-08-29 15:40:32 Info: cpu: CPUs/cores online: 16
[31328 - Suricata-Main] 2025-08-29 15:40:32 Notice: runmodes: thread stack size of 0 to too small: setting to 512k
[31328 - Suricata-Main] 2025-08-29 15:40:32 Info: suricata: Running suricata under test mode
[31328 - Suricata-Main] 2025-08-29 15:40:32 Info: suricata: Setting engine mode to IDS mode by default
[31328 - Suricata-Main] 2025-08-29 15:40:32 Info: exception-policy: master exception-policy set to: auto
[31328 - Suricata-Main] 2025-08-29 15:40:32 Info: coredump-config: Configuring core dump is not yet supported on Windows.
[31328 - Suricata-Main] 2025-08-29 15:40:32 Info: logopenfile: eve-log output device (regular) initialized: eve.json
[31328 - Suricata-Main] 2025-08-29 15:40:32 Info: logopenfile: stats output device (regular) initialized: stats.log
[31328 - Suricata-Main] 2025-08-29 15:40:32 Error: detect: opening rule file ./rules\\nmap.rules: No such file or directory.
[32576 - Suricata-Main] 2025-08-29 15:40:39 Notice: suricata: This is Suricata version 7.0.10 RELEASE running in SYSTEM mode
[32576 - Suricata-Main] 2025-08-29 15:40:39 Info: cpu: CPUs/cores online: 16
[32576 - Suricata-Main] 2025-08-29 15:40:39 Notice: runmodes: thread stack size of 0 to too small: setting to 512k
[32576 - Suricata-Main] 2025-08-29 15:40:39 Info: suricata: Running suricata under test mode
[32576 - Suricata-Main] 2025-08-29 15:40:39 Info: suricata: Setting engine mode to IDS mode by default
[32576 - Suricata-Main] 2025-08-29 15:40:39 Info: exception-policy: master exception-policy set to: auto
[32576 - Suricata-Main] 2025-08-29 15:40:39 Info: coredump-config: Configuring core dump is not yet supported on Windows.
[32576 - Suricata-Main] 2025-08-29 15:40:39 Info: logopenfile: eve-log output device (regular) initialized: eve.json
[32576 - Suricata-Main] 2025-08-29 15:40:39 Info: logopenfile: stats output device (regular) initialized: stats.log
[32576 - Suricata-Main] 2025-08-29 15:40:39 Error: detect: opening rule file ./rules\\nmap.rules: No such file or directory.
[25824 - Suricata-Main] 2025-08-29 15:47:47 Notice: suricata: This is Suricata version 7.0.10 RELEASE running in SYSTEM mode
[25824 - Suricata-Main] 2025-08-29 15:47:47 Info: cpu: CPUs/cores online: 16
[25824 - Suricata-Main] 2025-08-29 15:47:47 Notice: runmodes: thread stack size of 0 to too small: setting to 512k
[25824 - Suricata-Main] 2025-08-29 15:47:47 Info: suricata: Running suricata under test mode
[25824 - Suricata-Main] 2025-08-29 15:47:47 Info: suricata: Setting engine mode to IDS mode by default
[25824 - Suricata-Main] 2025-08-29 15:47:47 Info: exception-policy: master exception-policy set to: auto
[25824 - Suricata-Main] 2025-08-29 15:47:47 Info: coredump-config: Configuring core dump is not yet supported on Windows.
[25824 - Suricata-Main] 2025-08-29 15:47:47 Info: logopenfile: eve-log output device (regular) initialized: eve.json
[25824 - Suricata-Main] 2025-08-29 15:47:47 Info: logopenfile: stats output device (regular) initialized: stats.log
[25824 - Suricata-Main] 2025-08-29 15:47:47 Error: detect-parse: "http_method" keyword found inside the rule without a content context.  Please use a "content" keyword before using the "http_method" keyword
[25824 - Suricata-Main] 2025-08-29 15:47:47 Error: detect: error parsing signature "alert http any any -> $HOME_NET any (msg:"CUSTOM: Suspicious HTTP Request"; http_method; content:"GET"; http_uri; content:"/admin"; sid:1000002; rev:1;)" from file ./rules\\custom-security.rules at line 3
[25824 - Suricata-Main] 2025-08-29 15:47:51 Error: detect-flow: cannot set to_client, DETECT_FLOW_FLAG_TOSERVER already set
[25824 - Suricata-Main] 2025-08-29 15:47:51 Error: detect: error parsing signature "alert http any any -> $EXTERNAL_NET any (msg:"MALWARE: Suspicious User Agent"; flow:to_server, to_client; http_user_agent; content:"malware"; sid:3000002; rev:1;)" from file ./rules\\malware-detection.rules at line 3
[25824 - Suricata-Main] 2025-08-29 15:47:51 Error: detect-parse: Duplicate signature "alert http any any -> $HTTP_SERVERS $HTTP_PORTS (msg:"WEB: XSS Attack Attempt"; flow:to_server; content:"<script"; nocase; sid:2000001; rev:1;)"
[25824 - Suricata-Main] 2025-08-29 15:47:51 Error: detect: error parsing signature "alert http any any -> $HTTP_SERVERS $HTTP_PORTS (msg:"WEB: XSS Attack Attempt"; flow:to_server; content:"<script"; nocase; sid:2000001; rev:1;)" from file ./rules\\web-attacks.rules at line 2
[25824 - Suricata-Main] 2025-08-29 15:47:51 Error: detect-parse: Duplicate signature "alert http any any -> $HTTP_SERVERS $HTTP_PORTS (msg:"WEB: Command Injection Attempt"; flow:to_server; content:"|3B|"; content:"system"; distance:0; sid:2000002; rev:1;)"
[25824 - Suricata-Main] 2025-08-29 15:47:51 Error: detect: error parsing signature "alert http any any -> $HTTP_SERVERS $HTTP_PORTS (msg:"WEB: Command Injection Attempt"; flow:to_server; content:"|3B|"; content:"system"; distance:0; sid:2000002; rev:1;)" from file ./rules\\web-attacks.rules at line 3
[25824 - Suricata-Main] 2025-08-29 15:47:51 Error: detect-parse: Duplicate signature "alert http any any -> $HTTP_SERVERS $HTTP_PORTS (msg:"WEB: Directory Traversal Attempt"; flow:to_server; content:"../"; sid:2000003; rev:1;)"
[25824 - Suricata-Main] 2025-08-29 15:47:51 Error: detect: error parsing signature "alert http any any -> $HTTP_SERVERS $HTTP_PORTS (msg:"WEB: Directory Traversal Attempt"; flow:to_server; content:"../"; sid:2000003; rev:1;)" from file ./rules\\web-attacks.rules at line 4
[25824 - Suricata-Main] 2025-08-29 15:47:51 Error: detect-parse: Duplicate signature "alert http any any -> $HTTP_SERVERS $HTTP_PORTS (msg:"WEB: PHP Code Injection"; flow:to_server; content:"<?php"; nocase; sid:2000004; rev:1;)"
[25824 - Suricata-Main] 2025-08-29 15:47:51 Error: detect: error parsing signature "alert http any any -> $HTTP_SERVERS $HTTP_PORTS (msg:"WEB: PHP Code Injection"; flow:to_server; content:"<?php"; nocase; sid:2000004; rev:1;)" from file ./rules\\web-attacks.rules at line 5
[25824 - Suricata-Main] 2025-08-29 15:47:51 Error: detect: opening rule file ./rules\\emerging-dns.rules: No such file or directory.
[11236 - Suricata-Main] 2025-08-29 15:50:03 Notice: suricata: This is Suricata version 7.0.10 RELEASE running in SYSTEM mode
[11236 - Suricata-Main] 2025-08-29 15:50:03 Info: cpu: CPUs/cores online: 16
[11236 - Suricata-Main] 2025-08-29 15:50:03 Notice: runmodes: thread stack size of 0 to too small: setting to 512k
[11236 - Suricata-Main] 2025-08-29 15:50:03 Info: suricata: Running suricata under test mode
[11236 - Suricata-Main] 2025-08-29 15:50:03 Info: suricata: Setting engine mode to IDS mode by default
[11236 - Suricata-Main] 2025-08-29 15:50:03 Info: exception-policy: master exception-policy set to: auto
[11236 - Suricata-Main] 2025-08-29 15:50:03 Info: coredump-config: Configuring core dump is not yet supported on Windows.
[11236 - Suricata-Main] 2025-08-29 15:50:04 Info: logopenfile: eve-log output device (regular) initialized: eve.json
[11236 - Suricata-Main] 2025-08-29 15:50:04 Info: logopenfile: stats output device (regular) initialized: stats.log
[11236 - Suricata-Main] 2025-08-29 15:50:04 Error: detect-parse: "http_method" keyword found inside the rule without a content context.  Please use a "content" keyword before using the "http_method" keyword
[11236 - Suricata-Main] 2025-08-29 15:50:04 Error: detect: error parsing signature "alert http any any -> $HOME_NET any (msg:"CUSTOM: Suspicious HTTP Request"; http_method; content:"GET"; http_uri; content:"/admin"; sid:1000002; rev:1;)" from file ./rules\\custom-security.rules at line 3
[11236 - Suricata-Main] 2025-08-29 15:50:06 Error: detect-flow: cannot set to_client, DETECT_FLOW_FLAG_TOSERVER already set
[11236 - Suricata-Main] 2025-08-29 15:50:06 Error: detect: error parsing signature "alert http any any -> $EXTERNAL_NET any (msg:"MALWARE: Suspicious User Agent"; flow:to_server, to_client; http_user_agent; content:"malware"; sid:3000002; rev:1;)" from file ./rules\\malware-detection.rules at line 3
[11236 - Suricata-Main] 2025-08-29 15:50:06 Error: detect-parse: Duplicate signature "alert http any any -> $HTTP_SERVERS $HTTP_PORTS (msg:"WEB: XSS Attack Attempt"; flow:to_server; content:"<script"; nocase; sid:2000001; rev:1;)"
[11236 - Suricata-Main] 2025-08-29 15:50:06 Error: detect: error parsing signature "alert http any any -> $HTTP_SERVERS $HTTP_PORTS (msg:"WEB: XSS Attack Attempt"; flow:to_server; content:"<script"; nocase; sid:2000001; rev:1;)" from file ./rules\\web-attacks.rules at line 2
[11236 - Suricata-Main] 2025-08-29 15:50:06 Error: detect-parse: Duplicate signature "alert http any any -> $HTTP_SERVERS $HTTP_PORTS (msg:"WEB: Command Injection Attempt"; flow:to_server; content:"|3B|"; content:"system"; distance:0; sid:2000002; rev:1;)"
[11236 - Suricata-Main] 2025-08-29 15:50:06 Error: detect: error parsing signature "alert http any any -> $HTTP_SERVERS $HTTP_PORTS (msg:"WEB: Command Injection Attempt"; flow:to_server; content:"|3B|"; content:"system"; distance:0; sid:2000002; rev:1;)" from file ./rules\\web-attacks.rules at line 3
[11236 - Suricata-Main] 2025-08-29 15:50:06 Error: detect-parse: Duplicate signature "alert http any any -> $HTTP_SERVERS $HTTP_PORTS (msg:"WEB: Directory Traversal Attempt"; flow:to_server; content:"../"; sid:2000003; rev:1;)"
[11236 - Suricata-Main] 2025-08-29 15:50:06 Error: detect: error parsing signature "alert http any any -> $HTTP_SERVERS $HTTP_PORTS (msg:"WEB: Directory Traversal Attempt"; flow:to_server; content:"../"; sid:2000003; rev:1;)" from file ./rules\\web-attacks.rules at line 4
[11236 - Suricata-Main] 2025-08-29 15:50:06 Error: detect-parse: Duplicate signature "alert http any any -> $HTTP_SERVERS $HTTP_PORTS (msg:"WEB: PHP Code Injection"; flow:to_server; content:"<?php"; nocase; sid:2000004; rev:1;)"
[11236 - Suricata-Main] 2025-08-29 15:50:06 Error: detect: error parsing signature "alert http any any -> $HTTP_SERVERS $HTTP_PORTS (msg:"WEB: PHP Code Injection"; flow:to_server; content:"<?php"; nocase; sid:2000004; rev:1;)" from file ./rules\\web-attacks.rules at line 5
[11236 - Suricata-Main] 2025-08-29 15:50:06 Error: detect: opening rule file ./rules\\emerging-dns.rules: No such file or directory.
